# JRE version: OpenJDK Runtime Environment (8.0_152-b01) (build 1.8.0_152-release-915-b01)
# Java VM: OpenJDK 64-Bit Server VM (25.152-b01 mixed mode windows-amd64 compressed oops)
Heap:
 PSYoungGen      total 171520K, used 83937K [0x00000000e0000000, 0x00000000ee880000, 0x0000000100000000)
  eden space 158208K, 53% used [0x00000000e0000000,0x00000000e51f8728,0x00000000e9a80000)
  from space 13312K, 0% used [0x00000000ea700000,0x00000000ea700000,0x00000000eb400000)
  to   space 12800K, 0% used [0x00000000e9a80000,0x00000000e9a80000,0x00000000ea700000)
 ParOldGen       total 94208K, used 16101K [0x00000000a0000000, 0x00000000a5c00000, 0x00000000e0000000)
  object space 94208K, 17% used [0x00000000a0000000,0x00000000a0fb9438,0x00000000a5c00000)
 Metaspace       used 41385K, capacity 42204K, committed 42456K, reserved 1085440K
  class space    used 5527K, capacity 5871K, committed 5888K, reserved 1048576K
GC Heap History (10 events):
Event: 10.819 GC heap before
{Heap before GC invocations=4 (full 1):
 PSYoungGen      total 70656K, used 5104K [0x00000000e0000000, 0x00000000e8a00000, 0x0000000100000000)
  eden space 65536K, 0% used [0x00000000e0000000,0x00000000e0000000,0x00000000e4000000)
  from space 5120K, 99% used [0x00000000e4000000,0x00000000e44fc020,0x00000000e4500000)
  to   space 5120K, 0% used [0x00000000e8500000,0x00000000e8500000,0x00000000e8a00000)
 ParOldGen       total 86016K, used 8209K [0x00000000a0000000, 0x00000000a5400000, 0x00000000e0000000)
  object space 86016K, 9% used [0x00000000a0000000,0x00000000a08044e0,0x00000000a5400000)
 Metaspace       used 20713K, capacity 21112K, committed 21248K, reserved 1067008K
  class space    used 2867K, capacity 3035K, committed 3072K, reserved 1048576K
Event: 11.122 GC heap after
Heap after GC invocations=4 (full 1):
 PSYoungGen      total 70656K, used 0K [0x00000000e0000000, 0x00000000e8a00000, 0x0000000100000000)
  eden space 65536K, 0% used [0x00000000e0000000,0x00000000e0000000,0x00000000e4000000)
  from space 5120K, 0% used [0x00000000e4000000,0x00000000e4000000,0x00000000e4500000)
  to   space 5120K, 0% used [0x00000000e8500000,0x00000000e8500000,0x00000000e8a00000)
 ParOldGen       total 73728K, used 11982K [0x00000000a0000000, 0x00000000a4800000, 0x00000000e0000000)
  object space 73728K, 16% used [0x00000000a0000000,0x00000000a0bb38f8,0x00000000a4800000)
 Metaspace       used 20713K, capacity 21112K, committed 21248K, reserved 1067008K
  class space    used 2867K, capacity 3035K, committed 3072K, reserved 1048576K
}
Event: 14.569 GC heap before
{Heap before GC invocations=5 (full 1):
 PSYoungGen      total 70656K, used 65536K [0x00000000e0000000, 0x00000000e8a00000, 0x0000000100000000)
  eden space 65536K, 100% used [0x00000000e0000000,0x00000000e4000000,0x00000000e4000000)
  from space 5120K, 0% used [0x00000000e4000000,0x00000000e4000000,0x00000000e4500000)
  to   space 5120K, 0% used [0x00000000e8500000,0x00000000e8500000,0x00000000e8a00000)
 ParOldGen       total 73728K, used 11982K [0x00000000a0000000, 0x00000000a4800000, 0x00000000e0000000)
  object space 73728K, 16% used [0x00000000a0000000,0x00000000a0bb38f8,0x00000000a4800000)
 Metaspace       used 26139K, capacity 26586K, committed 26880K, reserved 1073152K
  class space    used 3548K, capacity 3742K, committed 3840K, reserved 1048576K
Event: 14.712 GC heap after
Heap after GC invocations=5 (full 1):
 PSYoungGen      total 99328K, used 5103K [0x00000000e0000000, 0x00000000e8a00000, 0x0000000100000000)
  eden space 94208K, 0% used [0x00000000e0000000,0x00000000e0000000,0x00000000e5c00000)
  from space 5120K, 99% used [0x00000000e8500000,0x00000000e89fbe58,0x00000000e8a00000)
  to   space 5120K, 0% used [0x00000000e8000000,0x00000000e8000000,0x00000000e8500000)
 ParOldGen       total 73728K, used 13640K [0x00000000a0000000, 0x00000000a4800000, 0x00000000e0000000)
  object space 73728K, 18% used [0x00000000a0000000,0x00000000a0d52118,0x00000000a4800000)
 Metaspace       used 26139K, capacity 26586K, committed 26880K, reserved 1073152K
  class space    used 3548K, capacity 3742K, committed 3840K, reserved 1048576K
}
Event: 19.729 GC heap before
{Heap before GC invocations=6 (full 1):
 PSYoungGen      total 99328K, used 99311K [0x00000000e0000000, 0x00000000e8a00000, 0x0000000100000000)
  eden space 94208K, 100% used [0x00000000e0000000,0x00000000e5c00000,0x00000000e5c00000)
  from space 5120K, 99% used [0x00000000e8500000,0x00000000e89fbe58,0x00000000e8a00000)
  to   space 5120K, 0% used [0x00000000e8000000,0x00000000e8000000,0x00000000e8500000)
 ParOldGen       total 73728K, used 13640K [0x00000000a0000000, 0x00000000a4800000, 0x00000000e0000000)
  object space 73728K, 18% used [0x00000000a0000000,0x00000000a0d52118,0x00000000a4800000)
 Metaspace       used 31389K, capacity 32048K, committed 32256K, reserved 1077248K
  class space    used 4312K, capacity 4581K, committed 4608K, reserved 1048576K
Event: 20.696 GC heap after
Heap after GC invocations=6 (full 1):
 PSYoungGen      total 136192K, used 5120K [0x00000000e0000000, 0x00000000eb400000, 0x0000000100000000)
  eden space 131072K, 0% used [0x00000000e0000000,0x00000000e0000000,0x00000000e8000000)
  from space 5120K, 100% used [0x00000000e8000000,0x00000000e8500000,0x00000000e8500000)
  to   space 13312K, 0% used [0x00000000ea700000,0x00000000ea700000,0x00000000eb400000)
 ParOldGen       total 73728K, used 18541K [0x00000000a0000000, 0x00000000a4800000, 0x00000000e0000000)
  object space 73728K, 25% used [0x00000000a0000000,0x00000000a121b650,0x00000000a4800000)
 Metaspace       used 31389K, capacity 32048K, committed 32256K, reserved 1077248K
  class space    used 4312K, capacity 4581K, committed 4608K, reserved 1048576K
}
Event: 24.402 GC heap before
{Heap before GC invocations=7 (full 1):
 PSYoungGen      total 136192K, used 48502K [0x00000000e0000000, 0x00000000eb400000, 0x0000000100000000)
  eden space 131072K, 33% used [0x00000000e0000000,0x00000000e2a5dbc0,0x00000000e8000000)
  from space 5120K, 100% used [0x00000000e8000000,0x00000000e8500000,0x00000000e8500000)
  to   space 13312K, 0% used [0x00000000ea700000,0x00000000ea700000,0x00000000eb400000)
 ParOldGen       total 73728K, used 18541K [0x00000000a0000000, 0x00000000a4800000, 0x00000000e0000000)
  object space 73728K, 25% used [0x00000000a0000000,0x00000000a121b650,0x00000000a4800000)
 Metaspace       used 34393K, capacity 35182K, committed 35416K, reserved 1079296K
  class space    used 4691K, capacity 4971K, committed 4992K, reserved 1048576K
Event: 24.436 GC heap after
Heap after GC invocations=7 (full 1):
 PSYoungGen      total 171520K, used 9032K [0x00000000e0000000, 0x00000000ee880000, 0x0000000100000000)
  eden space 158208K, 0% used [0x00000000e0000000,0x00000000e0000000,0x00000000e9a80000)
  from space 13312K, 67% used [0x00000000ea700000,0x00000000eafd2390,0x00000000eb400000)
  to   space 12800K, 0% used [0x00000000e9a80000,0x00000000e9a80000,0x00000000ea700000)
 ParOldGen       total 73728K, used 18549K [0x00000000a0000000, 0x00000000a4800000, 0x00000000e0000000)
  object space 73728K, 25% used [0x00000000a0000000,0x00000000a121d650,0x00000000a4800000)
 Metaspace       used 34393K, capacity 35182K, committed 35416K, reserved 1079296K
  class space    used 4691K, capacity 4971K, committed 4992K, reserved 1048576K
}
Event: 24.436 GC heap before
{Heap before GC invocations=8 (full 2):
 PSYoungGen      total 171520K, used 9032K [0x00000000e0000000, 0x00000000ee880000, 0x0000000100000000)
  eden space 158208K, 0% used [0x00000000e0000000,0x00000000e0000000,0x00000000e9a80000)
  from space 13312K, 67% used [0x00000000ea700000,0x00000000eafd2390,0x00000000eb400000)
  to   space 12800K, 0% used [0x00000000e9a80000,0x00000000e9a80000,0x00000000ea700000)
 ParOldGen       total 73728K, used 18549K [0x00000000a0000000, 0x00000000a4800000, 0x00000000e0000000)
  object space 73728K, 25% used [0x00000000a0000000,0x00000000a121d650,0x00000000a4800000)
 Metaspace       used 34393K, capacity 35182K, committed 35416K, reserved 1079296K
  class space    used 4691K, capacity 4971K, committed 4992K, reserved 1048576K
Event: 24.575 GC heap after
Heap after GC invocations=8 (full 2):
 PSYoungGen      total 171520K, used 0K [0x00000000e0000000, 0x00000000ee880000, 0x0000000100000000)
  eden space 158208K, 0% used [0x00000000e0000000,0x00000000e0000000,0x00000000e9a80000)
  from space 13312K, 0% used [0x00000000ea700000,0x00000000ea700000,0x00000000eb400000)
  to   space 12800K, 0% used [0x00000000e9a80000,0x00000000e9a80000,0x00000000ea700000)
 ParOldGen       total 94208K, used 16101K [0x00000000a0000000, 0x00000000a5c00000, 0x00000000e0000000)
  object space 94208K, 17% used [0x00000000a0000000,0x00000000a0fb9438,0x00000000a5c00000)
 Metaspace       used 34393K, capacity 35182K, committed 35416K, reserved 1079296K
  class space    used 4691K, capacity 4971K, committed 4992K, reserved 1048576K
}

