# JRE version: OpenJDK Runtime Environment (8.0_152-b01) (build 1.8.0_152-release-915-b01)
# Java VM: OpenJDK 64-Bit Server VM (25.152-b01 mixed mode windows-amd64 compressed oops)
Heap:
 PSYoungGen      total 244224K, used 244223K [0x00000000e0000000, 0x00000000fae80000, 0x0000000100000000)
  eden space 230400K, 100% used [0x00000000e0000000,0x00000000ee100000,0x00000000ee100000)
  from space 13824K, 99% used [0x00000000ee100000,0x00000000eee7fe58,0x00000000eee80000)
  to   space 18432K, 0% used [0x00000000f9c80000,0x00000000f9c80000,0x00000000fae80000)
 ParOldGen       total 72704K, used 24362K [0x00000000a0000000, 0x00000000a4700000, 0x00000000e0000000)
  object space 72704K, 33% used [0x00000000a0000000,0x00000000a17cab90,0x00000000a4700000)
 Metaspace       used 54374K, capacity 56298K, committed 56448K, reserved 1097728K
  class space    used 7439K, capacity 7972K, committed 8064K, reserved 1048576K
GC Heap History (10 events):
Event: 13.988 GC heap before
{Heap before GC invocations=5 (full 1):
 PSYoungGen      total 70656K, used 65203K [0x00000000e0000000, 0x00000000e8a00000, 0x0000000100000000)
  eden space 65536K, 99% used [0x00000000e0000000,0x00000000e3facd38,0x00000000e4000000)
  from space 5120K, 0% used [0x00000000e4000000,0x00000000e4000000,0x00000000e4500000)
  to   space 5120K, 0% used [0x00000000e8500000,0x00000000e8500000,0x00000000e8a00000)
 ParOldGen       total 57344K, used 12207K [0x00000000a0000000, 0x00000000a3800000, 0x00000000e0000000)
  object space 57344K, 21% used [0x00000000a0000000,0x00000000a0bebe98,0x00000000a3800000)
 Metaspace       used 25524K, capacity 25978K, committed 26240K, reserved 1071104K
  class space    used 3532K, capacity 3710K, committed 3712K, reserved 1048576K
Event: 14.221 GC heap after
Heap after GC invocations=5 (full 1):
 PSYoungGen      total 129024K, used 5109K [0x00000000e0000000, 0x00000000e8a00000, 0x0000000100000000)
  eden space 123904K, 0% used [0x00000000e0000000,0x00000000e0000000,0x00000000e7900000)
  from space 5120K, 99% used [0x00000000e8500000,0x00000000e89fd708,0x00000000e8a00000)
  to   space 5120K, 0% used [0x00000000e8000000,0x00000000e8000000,0x00000000e8500000)
 ParOldGen       total 57344K, used 13687K [0x00000000a0000000, 0x00000000a3800000, 0x00000000e0000000)
  object space 57344K, 23% used [0x00000000a0000000,0x00000000a0d5df60,0x00000000a3800000)
 Metaspace       used 25524K, capacity 25978K, committed 26240K, reserved 1071104K
  class space    used 3532K, capacity 3710K, committed 3712K, reserved 1048576K
}
Event: 26.308 GC heap before
{Heap before GC invocations=6 (full 1):
 PSYoungGen      total 129024K, used 129013K [0x00000000e0000000, 0x00000000e8a00000, 0x0000000100000000)
  eden space 123904K, 100% used [0x00000000e0000000,0x00000000e7900000,0x00000000e7900000)
  from space 5120K, 99% used [0x00000000e8500000,0x00000000e89fd708,0x00000000e8a00000)
  to   space 5120K, 0% used [0x00000000e8000000,0x00000000e8000000,0x00000000e8500000)
 ParOldGen       total 57344K, used 13687K [0x00000000a0000000, 0x00000000a3800000, 0x00000000e0000000)
  object space 57344K, 23% used [0x00000000a0000000,0x00000000a0d5df60,0x00000000a3800000)
 Metaspace       used 32045K, capacity 32692K, committed 32896K, reserved 1077248K
  class space    used 4396K, capacity 4688K, committed 4736K, reserved 1048576K
Event: 26.385 GC heap after
Heap after GC invocations=6 (full 1):
 PSYoungGen      total 136192K, used 5120K [0x00000000e0000000, 0x00000000efc80000, 0x0000000100000000)
  eden space 131072K, 0% used [0x00000000e0000000,0x00000000e0000000,0x00000000e8000000)
  from space 5120K, 100% used [0x00000000e8000000,0x00000000e8500000,0x00000000e8500000)
  to   space 14336K, 0% used [0x00000000eee80000,0x00000000eee80000,0x00000000efc80000)
 ParOldGen       total 57344K, used 19989K [0x00000000a0000000, 0x00000000a3800000, 0x00000000e0000000)
  object space 57344K, 34% used [0x00000000a0000000,0x00000000a13857b0,0x00000000a3800000)
 Metaspace       used 32045K, capacity 32692K, committed 32896K, reserved 1077248K
  class space    used 4396K, capacity 4688K, committed 4736K, reserved 1048576K
}
Event: 26.688 GC heap before
{Heap before GC invocations=7 (full 1):
 PSYoungGen      total 136192K, used 19609K [0x00000000e0000000, 0x00000000efc80000, 0x0000000100000000)
  eden space 131072K, 11% used [0x00000000e0000000,0x00000000e0e26450,0x00000000e8000000)
  from space 5120K, 100% used [0x00000000e8000000,0x00000000e8500000,0x00000000e8500000)
  to   space 14336K, 0% used [0x00000000eee80000,0x00000000eee80000,0x00000000efc80000)
 ParOldGen       total 57344K, used 19989K [0x00000000a0000000, 0x00000000a3800000, 0x00000000e0000000)
  object space 57344K, 34% used [0x00000000a0000000,0x00000000a13857b0,0x00000000a3800000)
 Metaspace       used 34572K, capacity 35278K, committed 35416K, reserved 1079296K
  class space    used 4719K, capacity 5003K, committed 5120K, reserved 1048576K
Event: 26.911 GC heap after
Heap after GC invocations=7 (full 1):
 PSYoungGen      total 244736K, used 7256K [0x00000000e0000000, 0x00000000f1200000, 0x0000000100000000)
  eden space 230400K, 0% used [0x00000000e0000000,0x00000000e0000000,0x00000000ee100000)
  from space 14336K, 50% used [0x00000000eee80000,0x00000000ef596208,0x00000000efc80000)
  to   space 13824K, 0% used [0x00000000ee100000,0x00000000ee100000,0x00000000eee80000)
 ParOldGen       total 57344K, used 19997K [0x00000000a0000000, 0x00000000a3800000, 0x00000000e0000000)
  object space 57344K, 34% used [0x00000000a0000000,0x00000000a13877b0,0x00000000a3800000)
 Metaspace       used 34572K, capacity 35278K, committed 35416K, reserved 1079296K
  class space    used 4719K, capacity 5003K, committed 5120K, reserved 1048576K
}
Event: 26.912 GC heap before
{Heap before GC invocations=8 (full 2):
 PSYoungGen      total 244736K, used 7256K [0x00000000e0000000, 0x00000000f1200000, 0x0000000100000000)
  eden space 230400K, 0% used [0x00000000e0000000,0x00000000e0000000,0x00000000ee100000)
  from space 14336K, 50% used [0x00000000eee80000,0x00000000ef596208,0x00000000efc80000)
  to   space 13824K, 0% used [0x00000000ee100000,0x00000000ee100000,0x00000000eee80000)
 ParOldGen       total 57344K, used 19997K [0x00000000a0000000, 0x00000000a3800000, 0x00000000e0000000)
  object space 57344K, 34% used [0x00000000a0000000,0x00000000a13877b0,0x00000000a3800000)
 Metaspace       used 34572K, capacity 35278K, committed 35416K, reserved 1079296K
  class space    used 4719K, capacity 5003K, committed 5120K, reserved 1048576K
Event: 28.026 GC heap after
Heap after GC invocations=8 (full 2):
 PSYoungGen      total 244736K, used 0K [0x00000000e0000000, 0x00000000f1200000, 0x0000000100000000)
  eden space 230400K, 0% used [0x00000000e0000000,0x00000000e0000000,0x00000000ee100000)
  from space 14336K, 0% used [0x00000000eee80000,0x00000000eee80000,0x00000000efc80000)
  to   space 13824K, 0% used [0x00000000ee100000,0x00000000ee100000,0x00000000eee80000)
 ParOldGen       total 72704K, used 19350K [0x00000000a0000000, 0x00000000a4700000, 0x00000000e0000000)
  object space 72704K, 26% used [0x00000000a0000000,0x00000000a12e5a18,0x00000000a4700000)
 Metaspace       used 34572K, capacity 35278K, committed 35416K, reserved 1079296K
  class space    used 4719K, capacity 5003K, committed 5120K, reserved 1048576K
}
Event: 37.963 GC heap before
{Heap before GC invocations=9 (full 2):
 PSYoungGen      total 244736K, used 230400K [0x00000000e0000000, 0x00000000f1200000, 0x0000000100000000)
  eden space 230400K, 100% used [0x00000000e0000000,0x00000000ee100000,0x00000000ee100000)
  from space 14336K, 0% used [0x00000000eee80000,0x00000000eee80000,0x00000000efc80000)
  to   space 13824K, 0% used [0x00000000ee100000,0x00000000ee100000,0x00000000eee80000)
 ParOldGen       total 72704K, used 19350K [0x00000000a0000000, 0x00000000a4700000, 0x00000000e0000000)
  object space 72704K, 26% used [0x00000000a0000000,0x00000000a12e5a18,0x00000000a4700000)
 Metaspace       used 47052K, capacity 48168K, committed 48512K, reserved 1091584K
  class space    used 6306K, capacity 6710K, committed 6784K, reserved 1048576K
Event: 38.020 GC heap after
Heap after GC invocations=9 (full 2):
 PSYoungGen      total 244224K, used 13823K [0x00000000e0000000, 0x00000000fae80000, 0x0000000100000000)
  eden space 230400K, 0% used [0x00000000e0000000,0x00000000e0000000,0x00000000ee100000)
  from space 13824K, 99% used [0x00000000ee100000,0x00000000eee7fe58,0x00000000eee80000)
  to   space 18432K, 0% used [0x00000000f9c80000,0x00000000f9c80000,0x00000000fae80000)
 ParOldGen       total 72704K, used 24362K [0x00000000a0000000, 0x00000000a4700000, 0x00000000e0000000)
  object space 72704K, 33% used [0x00000000a0000000,0x00000000a17cab90,0x00000000a4700000)
 Metaspace       used 47052K, capacity 48168K, committed 48512K, reserved 1091584K
  class space    used 6306K, capacity 6710K, committed 6784K, reserved 1048576K
}

