# JRE version: OpenJDK Runtime Environment (8.0_152-b01) (build 1.8.0_152-release-915-b01)
# Java VM: OpenJDK 64-Bit Server VM (25.152-b01 mixed mode windows-amd64 compressed oops)
Heap:
 PSYoungGen      total 493568K, used 92191K [0x00000000e0000000, 0x0000000100000000, 0x0000000100000000)
  eden space 464384K, 15% used [0x00000000e0000000,0x00000000e4589ea8,0x00000000fc580000)
  from space 29184K, 71% used [0x00000000fc580000,0x00000000fd9fdd80,0x00000000fe200000)
  to   space 30208K, 0% used [0x00000000fe280000,0x00000000fe280000,0x0000000100000000)
 ParOldGen       total 108544K, used 57735K [0x00000000a0000000, 0x00000000a6a00000, 0x00000000e0000000)
  object space 108544K, 53% used [0x00000000a0000000,0x00000000a3861ef8,0x00000000a6a00000)
 Metaspace       used 69120K, capacity 73252K, committed 73472K, reserved 1112064K
  class space    used 9130K, capacity 10167K, committed 10240K, reserved 1048576K
GC Heap History (10 events):
Event: 54.730 GC heap before
{Heap before GC invocations=10 (full 2):
 PSYoungGen      total 248832K, used 248824K [0x00000000e0000000, 0x00000000fce00000, 0x0000000100000000)
  eden space 235520K, 100% used [0x00000000e0000000,0x00000000ee600000,0x00000000ee600000)
  from space 13312K, 99% used [0x00000000ee600000,0x00000000ef2fe3f8,0x00000000ef300000)
  to   space 18432K, 0% used [0x00000000fbc00000,0x00000000fbc00000,0x00000000fce00000)
 ParOldGen       total 66048K, used 23507K [0x00000000a0000000, 0x00000000a4080000, 0x00000000e0000000)
  object space 66048K, 35% used [0x00000000a0000000,0x00000000a16f4f20,0x00000000a4080000)
 Metaspace       used 54380K, capacity 56376K, committed 56704K, reserved 1097728K
  class space    used 7448K, capacity 7974K, committed 8064K, reserved 1048576K
Event: 56.816 GC heap after
Heap after GC invocations=10 (full 2):
 PSYoungGen      total 445440K, used 18400K [0x00000000e0000000, 0x00000000fea00000, 0x0000000100000000)
  eden space 427008K, 0% used [0x00000000e0000000,0x00000000e0000000,0x00000000fa100000)
  from space 18432K, 99% used [0x00000000fbc00000,0x00000000fcdf8200,0x00000000fce00000)
  to   space 27648K, 0% used [0x00000000fa100000,0x00000000fa100000,0x00000000fbc00000)
 ParOldGen       total 66048K, used 38935K [0x00000000a0000000, 0x00000000a4080000, 0x00000000e0000000)
  object space 66048K, 58% used [0x00000000a0000000,0x00000000a2605f00,0x00000000a4080000)
 Metaspace       used 54380K, capacity 56376K, committed 56704K, reserved 1097728K
  class space    used 7448K, capacity 7974K, committed 8064K, reserved 1048576K
}
Event: 65.775 GC heap before
{Heap before GC invocations=11 (full 2):
 PSYoungGen      total 445440K, used 83252K [0x00000000e0000000, 0x00000000fea00000, 0x0000000100000000)
  eden space 427008K, 15% used [0x00000000e0000000,0x00000000e3f54eb8,0x00000000fa100000)
  from space 18432K, 99% used [0x00000000fbc00000,0x00000000fcdf8200,0x00000000fce00000)
  to   space 27648K, 0% used [0x00000000fa100000,0x00000000fa100000,0x00000000fbc00000)
 ParOldGen       total 66048K, used 38935K [0x00000000a0000000, 0x00000000a4080000, 0x00000000e0000000)
  object space 66048K, 58% used [0x00000000a0000000,0x00000000a2605f00,0x00000000a4080000)
 Metaspace       used 56629K, capacity 58996K, committed 59008K, reserved 1099776K
  class space    used 7733K, capacity 8308K, committed 8320K, reserved 1048576K
Event: 65.852 GC heap after
Heap after GC invocations=11 (full 2):
 PSYoungGen      total 454656K, used 24006K [0x00000000e0000000, 0x0000000100000000, 0x0000000100000000)
  eden space 427008K, 0% used [0x00000000e0000000,0x00000000e0000000,0x00000000fa100000)
  from space 27648K, 86% used [0x00000000fa100000,0x00000000fb871948,0x00000000fbc00000)
  to   space 30720K, 0% used [0x00000000fe200000,0x00000000fe200000,0x0000000100000000)
 ParOldGen       total 66048K, used 38943K [0x00000000a0000000, 0x00000000a4080000, 0x00000000e0000000)
  object space 66048K, 58% used [0x00000000a0000000,0x00000000a2607f00,0x00000000a4080000)
 Metaspace       used 56629K, capacity 58996K, committed 59008K, reserved 1099776K
  class space    used 7733K, capacity 8308K, committed 8320K, reserved 1048576K
}
Event: 65.852 GC heap before
{Heap before GC invocations=12 (full 3):
 PSYoungGen      total 454656K, used 24006K [0x00000000e0000000, 0x0000000100000000, 0x0000000100000000)
  eden space 427008K, 0% used [0x00000000e0000000,0x00000000e0000000,0x00000000fa100000)
  from space 27648K, 86% used [0x00000000fa100000,0x00000000fb871948,0x00000000fbc00000)
  to   space 30720K, 0% used [0x00000000fe200000,0x00000000fe200000,0x0000000100000000)
 ParOldGen       total 66048K, used 38943K [0x00000000a0000000, 0x00000000a4080000, 0x00000000e0000000)
  object space 66048K, 58% used [0x00000000a0000000,0x00000000a2607f00,0x00000000a4080000)
 Metaspace       used 56629K, capacity 58996K, committed 59008K, reserved 1099776K
  class space    used 7733K, capacity 8308K, committed 8320K, reserved 1048576K
Event: 66.115 GC heap after
Heap after GC invocations=12 (full 3):
 PSYoungGen      total 454656K, used 0K [0x00000000e0000000, 0x0000000100000000, 0x0000000100000000)
  eden space 427008K, 0% used [0x00000000e0000000,0x00000000e0000000,0x00000000fa100000)
  from space 27648K, 0% used [0x00000000fa100000,0x00000000fa100000,0x00000000fbc00000)
  to   space 30720K, 0% used [0x00000000fe200000,0x00000000fe200000,0x0000000100000000)
 ParOldGen       total 108544K, used 51908K [0x00000000a0000000, 0x00000000a6a00000, 0x00000000e0000000)
  object space 108544K, 47% used [0x00000000a0000000,0x00000000a32b12f8,0x00000000a6a00000)
 Metaspace       used 56629K, capacity 58996K, committed 59008K, reserved 1099776K
  class space    used 7733K, capacity 8308K, committed 8320K, reserved 1048576K
}
Event: 8168.339 GC heap before
{Heap before GC invocations=13 (full 3):
 PSYoungGen      total 454656K, used 427008K [0x00000000e0000000, 0x0000000100000000, 0x0000000100000000)
  eden space 427008K, 100% used [0x00000000e0000000,0x00000000fa100000,0x00000000fa100000)
  from space 27648K, 0% used [0x00000000fa100000,0x00000000fa100000,0x00000000fbc00000)
  to   space 30720K, 0% used [0x00000000fe200000,0x00000000fe200000,0x0000000100000000)
 ParOldGen       total 108544K, used 51908K [0x00000000a0000000, 0x00000000a6a00000, 0x00000000e0000000)
  object space 108544K, 47% used [0x00000000a0000000,0x00000000a32b12f8,0x00000000a6a00000)
 Metaspace       used 61802K, capacity 65022K, committed 65280K, reserved 1105920K
  class space    used 8240K, capacity 9106K, committed 9216K, reserved 1048576K
Event: 8168.537 GC heap after
Heap after GC invocations=13 (full 3):
 PSYoungGen      total 495104K, used 13884K [0x00000000e0000000, 0x0000000100000000, 0x0000000100000000)
  eden space 464384K, 0% used [0x00000000e0000000,0x00000000e0000000,0x00000000fc580000)
  from space 30720K, 45% used [0x00000000fe200000,0x00000000fef8f3c8,0x0000000100000000)
  to   space 29184K, 0% used [0x00000000fc580000,0x00000000fc580000,0x00000000fe200000)
 ParOldGen       total 108544K, used 51916K [0x00000000a0000000, 0x00000000a6a00000, 0x00000000e0000000)
  object space 108544K, 47% used [0x00000000a0000000,0x00000000a32b32f8,0x00000000a6a00000)
 Metaspace       used 61802K, capacity 65022K, committed 65280K, reserved 1105920K
  class space    used 8240K, capacity 9106K, committed 9216K, reserved 1048576K
}
Event: 12786.000 GC heap before
{Heap before GC invocations=14 (full 3):
 PSYoungGen      total 495104K, used 478268K [0x00000000e0000000, 0x0000000100000000, 0x0000000100000000)
  eden space 464384K, 100% used [0x00000000e0000000,0x00000000fc580000,0x00000000fc580000)
  from space 30720K, 45% used [0x00000000fe200000,0x00000000fef8f3c8,0x0000000100000000)
  to   space 29184K, 0% used [0x00000000fc580000,0x00000000fc580000,0x00000000fe200000)
 ParOldGen       total 108544K, used 51916K [0x00000000a0000000, 0x00000000a6a00000, 0x00000000e0000000)
  object space 108544K, 47% used [0x00000000a0000000,0x00000000a32b32f8,0x00000000a6a00000)
 Metaspace       used 67325K, capacity 71280K, committed 71424K, reserved 1110016K
  class space    used 8902K, capacity 9939K, committed 9984K, reserved 1048576K
Event: 12786.114 GC heap after
Heap after GC invocations=14 (full 3):
 PSYoungGen      total 493568K, used 20983K [0x00000000e0000000, 0x0000000100000000, 0x0000000100000000)
  eden space 464384K, 0% used [0x00000000e0000000,0x00000000e0000000,0x00000000fc580000)
  from space 29184K, 71% used [0x00000000fc580000,0x00000000fd9fdd80,0x00000000fe200000)
  to   space 30208K, 0% used [0x00000000fe280000,0x00000000fe280000,0x0000000100000000)
 ParOldGen       total 108544K, used 57735K [0x00000000a0000000, 0x00000000a6a00000, 0x00000000e0000000)
  object space 108544K, 53% used [0x00000000a0000000,0x00000000a3861ef8,0x00000000a6a00000)
 Metaspace       used 67325K, capacity 71280K, committed 71424K, reserved 1110016K
  class space    used 8902K, capacity 9939K, committed 9984K, reserved 1048576K
}

